This is pdfTeX, Version 3.14159265-2.6-1.40.21 (TeX Live 2020) (preloaded format=pdflatex 2020.4.7)  29 JUN 2020 02:29
entering extended mode
 restricted \write18 enabled.
 %&-line parsing enabled.
**\nonstopmode \input ./openout.tex
(./openout.tex
\ourwrite=\write3
\openout3 = `dum.dum'.


! Undefined control sequence.
l.3 \bye
        
The control sequence at the end of the top line
of your error message was never \def'ed. If you have
misspelled it (e.g., `\hobx'), type `I' and the correct
spelling (e.g., `I\hbox'). Otherwise just continue,
and I'll forget about whatever was undefined.

)
! Emergency stop.
<*> \nonstopmode \input ./openout.tex
                                     
*** (job aborted, no legal \end found)

 
Here is how much of TeX's memory you used:
 18 strings out of 480608
 392 string characters out of 5903631
 239610 words of memory out of 5000000
 16010 multiletter control sequences out of 15000+600000
 532338 words of font info for 24 fonts, out of 8000000 for 9000
 1141 hyphenation exceptions out of 8191
 11i,0n,15p,71b,8s stack positions out of 5000i,500n,10000p,200000b,80000s
!  ==> Fatal error occurred, no output PDF file produced!
